\BOOKMARK [0][-]{chapter.1}{Introduction}{}% 1
\BOOKMARK [1][-]{section.1.1}{Aims}{chapter.1}% 2
\BOOKMARK [1][-]{section.1.2}{Objectives}{chapter.1}% 3
\BOOKMARK [0][-]{chapter.2}{Background Research}{}% 4
\BOOKMARK [1][-]{section.2.1}{Deployment Management Tools}{chapter.2}% 5
\BOOKMARK [2][-]{subsection.2.1.1}{Chef}{section.2.1}% 6
\BOOKMARK [2][-]{subsection.2.1.2}{Puppet}{section.2.1}% 7
\BOOKMARK [2][-]{subsection.2.1.3}{Salt}{section.2.1}% 8
\BOOKMARK [2][-]{subsection.2.1.4}{Ansible}{section.2.1}% 9
\BOOKMARK [1][-]{section.2.2}{Virtualization}{chapter.2}% 10
\BOOKMARK [2][-]{subsection.2.2.1}{ESXi}{section.2.2}% 11
\BOOKMARK [2][-]{subsection.2.2.2}{VirtualBox}{section.2.2}% 12
\BOOKMARK [2][-]{subsection.2.2.3}{Docker}{section.2.2}% 13
\BOOKMARK [2][-]{subsection.2.2.4}{Vagrant}{section.2.2}% 14
\BOOKMARK [2][-]{subsection.2.2.5}{QEMU}{section.2.2}% 15
\BOOKMARK [1][-]{section.2.3}{Current generation method}{chapter.2}% 16
\BOOKMARK [2][-]{subsection.2.3.1}{Analysis}{section.2.3}% 17
\BOOKMARK [2][-]{subsection.2.3.2}{Potential improvements}{section.2.3}% 18
\BOOKMARK [0][-]{chapter.3}{Project Planning}{}% 19
\BOOKMARK [1][-]{section.3.1}{Methodologies}{chapter.3}% 20
\BOOKMARK [1][-]{section.3.2}{Stakeholders}{chapter.3}% 21
\BOOKMARK [1][-]{section.3.3}{Project schedule}{chapter.3}% 22
